Performing C SOURCE FILE Test CMAKE_HAVE_LIBC_PTHREAD failed with the following output:
Change Dir: /home/tong/UA_BlackJack_Server/combat_client_demo/cmake/build/CMakeFiles/CMakeTmp

Run Build Command(s):/usr/bin/gmake cmTC_debbf/fast && /usr/bin/gmake  -f CMakeFiles/cmTC_debbf.dir/build.make CMakeFiles/cmTC_debbf.dir/build
gmake[1]: Entering directory `/home/tong/UA_BlackJack_Server/combat_client_demo/cmake/build/CMakeFiles/CMakeTmp'
Building C object CMakeFiles/cmTC_debbf.dir/src.c.o
/usr/lib64/ccache/cc   -DCMAKE_HAVE_LIBC_PTHREAD   -o CMakeFiles/cmTC_debbf.dir/src.c.o   -c /home/tong/UA_BlackJack_Server/combat_client_demo/cmake/build/CMakeFiles/CMakeTmp/src.c
Linking C executable cmTC_debbf
/usr/bin/cmake3 -E cmake_link_script CMakeFiles/cmTC_debbf.dir/link.txt --verbose=1
/usr/lib64/ccache/cc  -DCMAKE_HAVE_LIBC_PTHREAD    CMakeFiles/cmTC_debbf.dir/src.c.o  -o cmTC_debbf 
CMakeFiles/cmTC_debbf.dir/src.c.o: In function `main':
src.c:(.text+0x2d): undefined reference to `pthread_create'
src.c:(.text+0x39): undefined reference to `pthread_detach'
src.c:(.text+0x45): undefined reference to `pthread_cancel'
src.c:(.text+0x56): undefined reference to `pthread_join'
src.c:(.text+0x6a): undefined reference to `pthread_atfork'
collect2: error: ld returned 1 exit status
gmake[1]: *** [cmTC_debbf] Error 1
gmake[1]: Leaving directory `/home/tong/UA_BlackJack_Server/combat_client_demo/cmake/build/CMakeFiles/CMakeTmp'
gmake: *** [cmTC_debbf/fast] Error 2


Source file was:
#include <pthread.h>

void* test_func(void* data)
{
  return data;
}

int main(void)
{
  pthread_t thread;
  pthread_create(&thread, NULL, test_func, NULL);
  pthread_detach(thread);
  pthread_cancel(thread);
  pthread_join(thread, NULL);
  pthread_atfork(NULL, NULL, NULL);
  pthread_exit(NULL);

  return 0;
}

Determining if the function pthread_create exists in the pthreads failed with the following output:
Change Dir: /home/tong/UA_BlackJack_Server/combat_client_demo/cmake/build/CMakeFiles/CMakeTmp

Run Build Command(s):/usr/bin/gmake cmTC_ddfe3/fast && /usr/bin/gmake  -f CMakeFiles/cmTC_ddfe3.dir/build.make CMakeFiles/cmTC_ddfe3.dir/build
gmake[1]: Entering directory `/home/tong/UA_BlackJack_Server/combat_client_demo/cmake/build/CMakeFiles/CMakeTmp'
Building C object CMakeFiles/cmTC_ddfe3.dir/CheckFunctionExists.c.o
/usr/lib64/ccache/cc   -DCHECK_FUNCTION_EXISTS=pthread_create   -o CMakeFiles/cmTC_ddfe3.dir/CheckFunctionExists.c.o   -c /usr/share/cmake3/Modules/CheckFunctionExists.c
Linking C executable cmTC_ddfe3
/usr/bin/cmake3 -E cmake_link_script CMakeFiles/cmTC_ddfe3.dir/link.txt --verbose=1
/usr/lib64/ccache/cc  -DCHECK_FUNCTION_EXISTS=pthread_create    CMakeFiles/cmTC_ddfe3.dir/CheckFunctionExists.c.o  -o cmTC_ddfe3  -lpthreads 
/usr/bin/ld: cannot find -lpthreads
collect2: error: ld returned 1 exit status
gmake[1]: *** [cmTC_ddfe3] Error 1
gmake[1]: Leaving directory `/home/tong/UA_BlackJack_Server/combat_client_demo/cmake/build/CMakeFiles/CMakeTmp'
gmake: *** [cmTC_ddfe3/fast] Error 2



