Performing C SOURCE FILE Test CMAKE_HAVE_LIBC_PTHREAD failed with the following output:
Change Dir: /home/tong/UA_BlackJack_Server/combat_server/build/CMakeFiles/CMakeTmp

Run Build Command(s):/usr/bin/gmake cmTC_f673c/fast && /usr/bin/gmake  -f CMakeFiles/cmTC_f673c.dir/build.make CMakeFiles/cmTC_f673c.dir/build
gmake[1]: Entering directory `/home/tong/UA_BlackJack_Server/combat_server/build/CMakeFiles/CMakeTmp'
Building C object CMakeFiles/cmTC_f673c.dir/src.c.o
/usr/lib64/ccache/cc   -DCMAKE_HAVE_LIBC_PTHREAD   -o CMakeFiles/cmTC_f673c.dir/src.c.o   -c /home/tong/UA_BlackJack_Server/combat_server/build/CMakeFiles/CMakeTmp/src.c
Linking C executable cmTC_f673c
/usr/bin/cmake3 -E cmake_link_script CMakeFiles/cmTC_f673c.dir/link.txt --verbose=1
/usr/lib64/ccache/cc  -DCMAKE_HAVE_LIBC_PTHREAD    CMakeFiles/cmTC_f673c.dir/src.c.o  -o cmTC_f673c 
CMakeFiles/cmTC_f673c.dir/src.c.o: In function `main':
src.c:(.text+0x2d): undefined reference to `pthread_create'
src.c:(.text+0x39): undefined reference to `pthread_detach'
src.c:(.text+0x45): undefined reference to `pthread_cancel'
src.c:(.text+0x56): undefined reference to `pthread_join'
src.c:(.text+0x6a): undefined reference to `pthread_atfork'
collect2: error: ld returned 1 exit status
gmake[1]: *** [cmTC_f673c] Error 1
gmake[1]: Leaving directory `/home/tong/UA_BlackJack_Server/combat_server/build/CMakeFiles/CMakeTmp'
gmake: *** [cmTC_f673c/fast] Error 2


Source file was:
#include <pthread.h>

void* test_func(void* data)
{
  return data;
}

int main(void)
{
  pthread_t thread;
  pthread_create(&thread, NULL, test_func, NULL);
  pthread_detach(thread);
  pthread_cancel(thread);
  pthread_join(thread, NULL);
  pthread_atfork(NULL, NULL, NULL);
  pthread_exit(NULL);

  return 0;
}

Determining if the function pthread_create exists in the pthreads failed with the following output:
Change Dir: /home/tong/UA_BlackJack_Server/combat_server/build/CMakeFiles/CMakeTmp

Run Build Command(s):/usr/bin/gmake cmTC_ee8c1/fast && /usr/bin/gmake  -f CMakeFiles/cmTC_ee8c1.dir/build.make CMakeFiles/cmTC_ee8c1.dir/build
gmake[1]: Entering directory `/home/tong/UA_BlackJack_Server/combat_server/build/CMakeFiles/CMakeTmp'
Building C object CMakeFiles/cmTC_ee8c1.dir/CheckFunctionExists.c.o
/usr/lib64/ccache/cc   -DCHECK_FUNCTION_EXISTS=pthread_create   -o CMakeFiles/cmTC_ee8c1.dir/CheckFunctionExists.c.o   -c /usr/share/cmake3/Modules/CheckFunctionExists.c
Linking C executable cmTC_ee8c1
/usr/bin/cmake3 -E cmake_link_script CMakeFiles/cmTC_ee8c1.dir/link.txt --verbose=1
/usr/lib64/ccache/cc  -DCHECK_FUNCTION_EXISTS=pthread_create    CMakeFiles/cmTC_ee8c1.dir/CheckFunctionExists.c.o  -o cmTC_ee8c1  -lpthreads 
/usr/bin/ld: cannot find -lpthreads
collect2: error: ld returned 1 exit status
gmake[1]: *** [cmTC_ee8c1] Error 1
gmake[1]: Leaving directory `/home/tong/UA_BlackJack_Server/combat_server/build/CMakeFiles/CMakeTmp'
gmake: *** [cmTC_ee8c1/fast] Error 2



