Performing C SOURCE FILE Test CMAKE_HAVE_LIBC_PTHREAD failed with the following output:
Change Dir: /home/tong/UA_BlackJack_Server/build/CMakeFiles/CMakeTmp

Run Build Command(s):/usr/bin/gmake cmTC_11a1e/fast && /usr/bin/gmake  -f CMakeFiles/cmTC_11a1e.dir/build.make CMakeFiles/cmTC_11a1e.dir/build
gmake[1]: Entering directory `/home/tong/UA_BlackJack_Server/build/CMakeFiles/CMakeTmp'
Building C object CMakeFiles/cmTC_11a1e.dir/src.c.o
/usr/lib64/ccache/cc   -DCMAKE_HAVE_LIBC_PTHREAD   -o CMakeFiles/cmTC_11a1e.dir/src.c.o   -c /home/tong/UA_BlackJack_Server/build/CMakeFiles/CMakeTmp/src.c
Linking C executable cmTC_11a1e
/usr/bin/cmake3 -E cmake_link_script CMakeFiles/cmTC_11a1e.dir/link.txt --verbose=1
/usr/lib64/ccache/cc  -DCMAKE_HAVE_LIBC_PTHREAD    CMakeFiles/cmTC_11a1e.dir/src.c.o  -o cmTC_11a1e 
CMakeFiles/cmTC_11a1e.dir/src.c.o: In function `main':
src.c:(.text+0x2d): undefined reference to `pthread_create'
src.c:(.text+0x39): undefined reference to `pthread_detach'
src.c:(.text+0x45): undefined reference to `pthread_cancel'
src.c:(.text+0x56): undefined reference to `pthread_join'
src.c:(.text+0x6a): undefined reference to `pthread_atfork'
collect2: error: ld returned 1 exit status
gmake[1]: *** [cmTC_11a1e] Error 1
gmake[1]: Leaving directory `/home/tong/UA_BlackJack_Server/build/CMakeFiles/CMakeTmp'
gmake: *** [cmTC_11a1e/fast] Error 2


Source file was:
#include <pthread.h>

void* test_func(void* data)
{
  return data;
}

int main(void)
{
  pthread_t thread;
  pthread_create(&thread, NULL, test_func, NULL);
  pthread_detach(thread);
  pthread_cancel(thread);
  pthread_join(thread, NULL);
  pthread_atfork(NULL, NULL, NULL);
  pthread_exit(NULL);

  return 0;
}

Determining if the function pthread_create exists in the pthreads failed with the following output:
Change Dir: /home/tong/UA_BlackJack_Server/build/CMakeFiles/CMakeTmp

Run Build Command(s):/usr/bin/gmake cmTC_e441a/fast && /usr/bin/gmake  -f CMakeFiles/cmTC_e441a.dir/build.make CMakeFiles/cmTC_e441a.dir/build
gmake[1]: Entering directory `/home/tong/UA_BlackJack_Server/build/CMakeFiles/CMakeTmp'
Building C object CMakeFiles/cmTC_e441a.dir/CheckFunctionExists.c.o
/usr/lib64/ccache/cc   -DCHECK_FUNCTION_EXISTS=pthread_create   -o CMakeFiles/cmTC_e441a.dir/CheckFunctionExists.c.o   -c /usr/share/cmake3/Modules/CheckFunctionExists.c
Linking C executable cmTC_e441a
/usr/bin/cmake3 -E cmake_link_script CMakeFiles/cmTC_e441a.dir/link.txt --verbose=1
/usr/lib64/ccache/cc  -DCHECK_FUNCTION_EXISTS=pthread_create    CMakeFiles/cmTC_e441a.dir/CheckFunctionExists.c.o  -o cmTC_e441a  -lpthreads 
/usr/bin/ld: cannot find -lpthreads
collect2: error: ld returned 1 exit status
gmake[1]: *** [cmTC_e441a] Error 1
gmake[1]: Leaving directory `/home/tong/UA_BlackJack_Server/build/CMakeFiles/CMakeTmp'
gmake: *** [cmTC_e441a/fast] Error 2



Determining if the function res_servicename exists in the resolv failed with the following output:
Change Dir: /home/tong/UA_BlackJack_Server/build/CMakeFiles/CMakeTmp

Run Build Command(s):/usr/bin/gmake cmTC_a0736/fast && /usr/bin/gmake  -f CMakeFiles/cmTC_a0736.dir/build.make CMakeFiles/cmTC_a0736.dir/build
gmake[1]: Entering directory `/home/tong/UA_BlackJack_Server/build/CMakeFiles/CMakeTmp'
Building C object CMakeFiles/cmTC_a0736.dir/CheckFunctionExists.c.o
/usr/lib64/ccache/cc   -DCHECK_FUNCTION_EXISTS=res_servicename -fPIE   -o CMakeFiles/cmTC_a0736.dir/CheckFunctionExists.c.o   -c /usr/share/cmake3/Modules/CheckFunctionExists.c
Linking C executable cmTC_a0736
/usr/bin/cmake3 -E cmake_link_script CMakeFiles/cmTC_a0736.dir/link.txt --verbose=1
/usr/lib64/ccache/cc   -DCHECK_FUNCTION_EXISTS=res_servicename    CMakeFiles/cmTC_a0736.dir/CheckFunctionExists.c.o  -o cmTC_a0736  -lresolv 
CMakeFiles/cmTC_a0736.dir/CheckFunctionExists.c.o: In function `main':
CheckFunctionExists.c:(.text+0x10): undefined reference to `res_servicename'
collect2: error: ld returned 1 exit status
gmake[1]: *** [cmTC_a0736] Error 1
gmake[1]: Leaving directory `/home/tong/UA_BlackJack_Server/build/CMakeFiles/CMakeTmp'
gmake: *** [cmTC_a0736/fast] Error 2



Determining if the function gethostbyname exists in the socket failed with the following output:
Change Dir: /home/tong/UA_BlackJack_Server/build/CMakeFiles/CMakeTmp

Run Build Command(s):/usr/bin/gmake cmTC_7ee06/fast && /usr/bin/gmake  -f CMakeFiles/cmTC_7ee06.dir/build.make CMakeFiles/cmTC_7ee06.dir/build
gmake[1]: Entering directory `/home/tong/UA_BlackJack_Server/build/CMakeFiles/CMakeTmp'
Building C object CMakeFiles/cmTC_7ee06.dir/CheckFunctionExists.c.o
/usr/lib64/ccache/cc   -DCHECK_FUNCTION_EXISTS=gethostbyname -fPIE   -o CMakeFiles/cmTC_7ee06.dir/CheckFunctionExists.c.o   -c /usr/share/cmake3/Modules/CheckFunctionExists.c
Linking C executable cmTC_7ee06
/usr/bin/cmake3 -E cmake_link_script CMakeFiles/cmTC_7ee06.dir/link.txt --verbose=1
/usr/lib64/ccache/cc   -DCHECK_FUNCTION_EXISTS=gethostbyname    CMakeFiles/cmTC_7ee06.dir/CheckFunctionExists.c.o  -o cmTC_7ee06  -lsocket 
/usr/bin/ld: cannot find -lsocket
collect2: error: ld returned 1 exit status
gmake[1]: *** [cmTC_7ee06] Error 1
gmake[1]: Leaving directory `/home/tong/UA_BlackJack_Server/build/CMakeFiles/CMakeTmp'
gmake: *** [cmTC_7ee06/fast] Error 2



Determining if the function socket exists in the socket failed with the following output:
Change Dir: /home/tong/UA_BlackJack_Server/build/CMakeFiles/CMakeTmp

Run Build Command(s):/usr/bin/gmake cmTC_9677a/fast && /usr/bin/gmake  -f CMakeFiles/cmTC_9677a.dir/build.make CMakeFiles/cmTC_9677a.dir/build
gmake[1]: Entering directory `/home/tong/UA_BlackJack_Server/build/CMakeFiles/CMakeTmp'
Building C object CMakeFiles/cmTC_9677a.dir/CheckFunctionExists.c.o
/usr/lib64/ccache/cc   -DCHECK_FUNCTION_EXISTS=socket -fPIE   -o CMakeFiles/cmTC_9677a.dir/CheckFunctionExists.c.o   -c /usr/share/cmake3/Modules/CheckFunctionExists.c
Linking C executable cmTC_9677a
/usr/bin/cmake3 -E cmake_link_script CMakeFiles/cmTC_9677a.dir/link.txt --verbose=1
/usr/lib64/ccache/cc   -DCHECK_FUNCTION_EXISTS=socket    CMakeFiles/cmTC_9677a.dir/CheckFunctionExists.c.o  -o cmTC_9677a  -lsocket 
/usr/bin/ld: cannot find -lsocket
collect2: error: ld returned 1 exit status
gmake[1]: *** [cmTC_9677a] Error 1
gmake[1]: Leaving directory `/home/tong/UA_BlackJack_Server/build/CMakeFiles/CMakeTmp'
gmake: *** [cmTC_9677a/fast] Error 2



Determining if files socket.h exist failed with the following output:
Change Dir: /home/tong/UA_BlackJack_Server/build/CMakeFiles/CMakeTmp

Run Build Command(s):/usr/bin/gmake cmTC_b3219/fast && /usr/bin/gmake  -f CMakeFiles/cmTC_b3219.dir/build.make CMakeFiles/cmTC_b3219.dir/build
gmake[1]: Entering directory `/home/tong/UA_BlackJack_Server/build/CMakeFiles/CMakeTmp'
Building C object CMakeFiles/cmTC_b3219.dir/HAVE_SOCKET_H.c.o
/usr/lib64/ccache/cc   -fPIE   -o CMakeFiles/cmTC_b3219.dir/HAVE_SOCKET_H.c.o   -c /home/tong/UA_BlackJack_Server/build/CMakeFiles/CheckIncludeFiles/HAVE_SOCKET_H.c
/home/tong/UA_BlackJack_Server/build/CMakeFiles/CheckIncludeFiles/HAVE_SOCKET_H.c:2:10: fatal error: socket.h: No such file or directory
 #include <socket.h>
          ^~~~~~~~~~
compilation terminated.
gmake[1]: *** [CMakeFiles/cmTC_b3219.dir/HAVE_SOCKET_H.c.o] Error 1
gmake[1]: Leaving directory `/home/tong/UA_BlackJack_Server/build/CMakeFiles/CMakeTmp'
gmake: *** [cmTC_b3219/fast] Error 2


Source:
/* */
#include <socket.h>


int main(void){return 0;}

Determining if files stropts.h exist failed with the following output:
Change Dir: /home/tong/UA_BlackJack_Server/build/CMakeFiles/CMakeTmp

Run Build Command(s):/usr/bin/gmake cmTC_6d634/fast && /usr/bin/gmake  -f CMakeFiles/cmTC_6d634.dir/build.make CMakeFiles/cmTC_6d634.dir/build
gmake[1]: Entering directory `/home/tong/UA_BlackJack_Server/build/CMakeFiles/CMakeTmp'
Building C object CMakeFiles/cmTC_6d634.dir/HAVE_STROPTS_H.c.o
/usr/lib64/ccache/cc   -fPIE   -o CMakeFiles/cmTC_6d634.dir/HAVE_STROPTS_H.c.o   -c /home/tong/UA_BlackJack_Server/build/CMakeFiles/CheckIncludeFiles/HAVE_STROPTS_H.c
/home/tong/UA_BlackJack_Server/build/CMakeFiles/CheckIncludeFiles/HAVE_STROPTS_H.c:2:10: fatal error: stropts.h: No such file or directory
 #include <stropts.h>
          ^~~~~~~~~~~
compilation terminated.
gmake[1]: *** [CMakeFiles/cmTC_6d634.dir/HAVE_STROPTS_H.c.o] Error 1
gmake[1]: Leaving directory `/home/tong/UA_BlackJack_Server/build/CMakeFiles/CMakeTmp'
gmake: *** [cmTC_6d634/fast] Error 2


Source:
/* */
#include <stropts.h>


int main(void){return 0;}

Determining if files winsock2.h;windows.h exist failed with the following output:
Change Dir: /home/tong/UA_BlackJack_Server/build/CMakeFiles/CMakeTmp

Run Build Command(s):/usr/bin/gmake cmTC_6d6b9/fast && /usr/bin/gmake  -f CMakeFiles/cmTC_6d6b9.dir/build.make CMakeFiles/cmTC_6d6b9.dir/build
gmake[1]: Entering directory `/home/tong/UA_BlackJack_Server/build/CMakeFiles/CMakeTmp'
Building C object CMakeFiles/cmTC_6d6b9.dir/HAVE_WINSOCK2_H.c.o
/usr/lib64/ccache/cc   -fPIE   -o CMakeFiles/cmTC_6d6b9.dir/HAVE_WINSOCK2_H.c.o   -c /home/tong/UA_BlackJack_Server/build/CMakeFiles/CheckIncludeFiles/HAVE_WINSOCK2_H.c
/home/tong/UA_BlackJack_Server/build/CMakeFiles/CheckIncludeFiles/HAVE_WINSOCK2_H.c:2:10: fatal error: winsock2.h: No such file or directory
 #include <winsock2.h>
          ^~~~~~~~~~~~
compilation terminated.
gmake[1]: *** [CMakeFiles/cmTC_6d6b9.dir/HAVE_WINSOCK2_H.c.o] Error 1
gmake[1]: Leaving directory `/home/tong/UA_BlackJack_Server/build/CMakeFiles/CMakeTmp'
gmake: *** [cmTC_6d6b9/fast] Error 2


Source:
/* */
#include <winsock2.h>
#include <windows.h>


int main(void){return 0;}

Determining if files winsock2.h;ws2tcpip.h;windows.h exist failed with the following output:
Change Dir: /home/tong/UA_BlackJack_Server/build/CMakeFiles/CMakeTmp

Run Build Command(s):/usr/bin/gmake cmTC_93344/fast && /usr/bin/gmake  -f CMakeFiles/cmTC_93344.dir/build.make CMakeFiles/cmTC_93344.dir/build
gmake[1]: Entering directory `/home/tong/UA_BlackJack_Server/build/CMakeFiles/CMakeTmp'
Building C object CMakeFiles/cmTC_93344.dir/HAVE_WS2TCPIP_H.c.o
/usr/lib64/ccache/cc   -fPIE   -o CMakeFiles/cmTC_93344.dir/HAVE_WS2TCPIP_H.c.o   -c /home/tong/UA_BlackJack_Server/build/CMakeFiles/CheckIncludeFiles/HAVE_WS2TCPIP_H.c
/home/tong/UA_BlackJack_Server/build/CMakeFiles/CheckIncludeFiles/HAVE_WS2TCPIP_H.c:2:10: fatal error: winsock2.h: No such file or directory
 #include <winsock2.h>
          ^~~~~~~~~~~~
compilation terminated.
gmake[1]: *** [CMakeFiles/cmTC_93344.dir/HAVE_WS2TCPIP_H.c.o] Error 1
gmake[1]: Leaving directory `/home/tong/UA_BlackJack_Server/build/CMakeFiles/CMakeTmp'
gmake: *** [cmTC_93344/fast] Error 2


Source:
/* */
#include <winsock2.h>
#include <ws2tcpip.h>
#include <windows.h>


int main(void){return 0;}

Determining if files winsock.h;windows.h exist failed with the following output:
Change Dir: /home/tong/UA_BlackJack_Server/build/CMakeFiles/CMakeTmp

Run Build Command(s):/usr/bin/gmake cmTC_3cf0a/fast && /usr/bin/gmake  -f CMakeFiles/cmTC_3cf0a.dir/build.make CMakeFiles/cmTC_3cf0a.dir/build
gmake[1]: Entering directory `/home/tong/UA_BlackJack_Server/build/CMakeFiles/CMakeTmp'
Building C object CMakeFiles/cmTC_3cf0a.dir/HAVE_WINSOCK_H.c.o
/usr/lib64/ccache/cc   -fPIE   -o CMakeFiles/cmTC_3cf0a.dir/HAVE_WINSOCK_H.c.o   -c /home/tong/UA_BlackJack_Server/build/CMakeFiles/CheckIncludeFiles/HAVE_WINSOCK_H.c
/home/tong/UA_BlackJack_Server/build/CMakeFiles/CheckIncludeFiles/HAVE_WINSOCK_H.c:2:10: fatal error: winsock.h: No such file or directory
 #include <winsock.h>
          ^~~~~~~~~~~
compilation terminated.
gmake[1]: *** [CMakeFiles/cmTC_3cf0a.dir/HAVE_WINSOCK_H.c.o] Error 1
gmake[1]: Leaving directory `/home/tong/UA_BlackJack_Server/build/CMakeFiles/CMakeTmp'
gmake: *** [cmTC_3cf0a/fast] Error 2


Source:
/* */
#include <winsock.h>
#include <windows.h>


int main(void){return 0;}

Determining if files windows.h exist failed with the following output:
Change Dir: /home/tong/UA_BlackJack_Server/build/CMakeFiles/CMakeTmp

Run Build Command(s):/usr/bin/gmake cmTC_da645/fast && /usr/bin/gmake  -f CMakeFiles/cmTC_da645.dir/build.make CMakeFiles/cmTC_da645.dir/build
gmake[1]: Entering directory `/home/tong/UA_BlackJack_Server/build/CMakeFiles/CMakeTmp'
Building C object CMakeFiles/cmTC_da645.dir/HAVE_WINDOWS_H.c.o
/usr/lib64/ccache/cc   -fPIE   -o CMakeFiles/cmTC_da645.dir/HAVE_WINDOWS_H.c.o   -c /home/tong/UA_BlackJack_Server/build/CMakeFiles/CheckIncludeFiles/HAVE_WINDOWS_H.c
/home/tong/UA_BlackJack_Server/build/CMakeFiles/CheckIncludeFiles/HAVE_WINDOWS_H.c:2:10: fatal error: windows.h: No such file or directory
 #include <windows.h>
          ^~~~~~~~~~~
compilation terminated.
gmake[1]: *** [CMakeFiles/cmTC_da645.dir/HAVE_WINDOWS_H.c.o] Error 1
gmake[1]: Leaving directory `/home/tong/UA_BlackJack_Server/build/CMakeFiles/CMakeTmp'
gmake: *** [cmTC_da645/fast] Error 2


Source:
/* */
#include <windows.h>


int main(void){return 0;}

Performing C SOURCE FILE Test HAVE_TYPE_SOCKET failed with the following output:
Change Dir: /home/tong/UA_BlackJack_Server/build/CMakeFiles/CMakeTmp

Run Build Command(s):/usr/bin/gmake cmTC_e2ede/fast && /usr/bin/gmake  -f CMakeFiles/cmTC_e2ede.dir/build.make CMakeFiles/cmTC_e2ede.dir/build
gmake[1]: Entering directory `/home/tong/UA_BlackJack_Server/build/CMakeFiles/CMakeTmp'
Building C object CMakeFiles/cmTC_e2ede.dir/src.c.o
/usr/lib64/ccache/cc -D_GNU_SOURCE -D_POSIX_C_SOURCE=199309L -D_XOPEN_SOURCE=600  -DHAVE_TYPE_SOCKET -fPIE   -o CMakeFiles/cmTC_e2ede.dir/src.c.o   -c /home/tong/UA_BlackJack_Server/build/CMakeFiles/CMakeTmp/src.c
/home/tong/UA_BlackJack_Server/build/CMakeFiles/CMakeTmp/src.c: In function ‘main’:
/home/tong/UA_BlackJack_Server/build/CMakeFiles/CMakeTmp/src.c:26:4: error: unknown type name ‘SOCKET’; did you mean ‘LOCK_EX’?
    SOCKET var_exists;
    ^~~~~~
    LOCK_EX
gmake[1]: *** [CMakeFiles/cmTC_e2ede.dir/src.c.o] Error 1
gmake[1]: Leaving directory `/home/tong/UA_BlackJack_Server/build/CMakeFiles/CMakeTmp'
gmake: *** [cmTC_e2ede/fast] Error 2


Source file was:

		#include <stdio.h>
		#include <stdlib.h>
	
		#include <stdbool.h>
		#include <sys/types.h>
		#include <arpa/inet.h>
		#include <arpa/nameser.h>
		#include <netdb.h>
		#include <net/if.h>
		#include <netinet/in.h>
		#include <netinet/tcp.h>
		#include <signal.h>
		#include <stdlib.h>
		#include <string.h>
		#include <strings.h>
		#include <sys/ioctl.h>
		#include <sys/select.h>
		#include <sys/socket.h>
		#include <sys/time.h>
		#include <sys/uio.h>
		#include <time.h>
		#include <fcntl.h>
		#include <unistd.h>
		int main() {
			SOCKET var_exists;
			(void)var_exists;
			return 0;
		}
	
Determining if the SO_NONBLOCK exist failed with the following output:
Change Dir: /home/tong/UA_BlackJack_Server/build/CMakeFiles/CMakeTmp

Run Build Command(s):/usr/bin/gmake cmTC_a472c/fast && /usr/bin/gmake  -f CMakeFiles/cmTC_a472c.dir/build.make CMakeFiles/cmTC_a472c.dir/build
gmake[1]: Entering directory `/home/tong/UA_BlackJack_Server/build/CMakeFiles/CMakeTmp'
Building C object CMakeFiles/cmTC_a472c.dir/CheckSymbolExists.c.o
/usr/lib64/ccache/cc -D_GNU_SOURCE -D_POSIX_C_SOURCE=199309L -D_XOPEN_SOURCE=600  -fPIE   -o CMakeFiles/cmTC_a472c.dir/CheckSymbolExists.c.o   -c /home/tong/UA_BlackJack_Server/build/CMakeFiles/CMakeTmp/CheckSymbolExists.c
/home/tong/UA_BlackJack_Server/build/CMakeFiles/CMakeTmp/CheckSymbolExists.c: In function ‘main’:
/home/tong/UA_BlackJack_Server/build/CMakeFiles/CMakeTmp/CheckSymbolExists.c:27:19: error: ‘SO_NONBLOCK’ undeclared (first use in this function); did you mean ‘O_NONBLOCK’?
   return ((int*)(&SO_NONBLOCK))[argc];
                   ^~~~~~~~~~~
                   O_NONBLOCK
/home/tong/UA_BlackJack_Server/build/CMakeFiles/CMakeTmp/CheckSymbolExists.c:27:19: note: each undeclared identifier is reported only once for each function it appears in
gmake[1]: *** [CMakeFiles/cmTC_a472c.dir/CheckSymbolExists.c.o] Error 1
gmake[1]: Leaving directory `/home/tong/UA_BlackJack_Server/build/CMakeFiles/CMakeTmp'
gmake: *** [cmTC_a472c/fast] Error 2


File /home/tong/UA_BlackJack_Server/build/CMakeFiles/CMakeTmp/CheckSymbolExists.c:
/* */
#include <stdbool.h>
#include <sys/types.h>
#include <arpa/inet.h>
#include <arpa/nameser.h>
#include <netdb.h>
#include <net/if.h>
#include <netinet/in.h>
#include <netinet/tcp.h>
#include <signal.h>
#include <stdlib.h>
#include <string.h>
#include <strings.h>
#include <sys/ioctl.h>
#include <sys/select.h>
#include <sys/socket.h>
#include <sys/time.h>
#include <sys/uio.h>
#include <time.h>
#include <fcntl.h>
#include <unistd.h>

int main(int argc, char** argv)
{
  (void)argv;
#ifndef SO_NONBLOCK
  return ((int*)(&SO_NONBLOCK))[argc];
#else
  (void)argc;
  return 0;
#endif
}
Determining if the bitncmp exist failed with the following output:
Change Dir: /home/tong/UA_BlackJack_Server/build/CMakeFiles/CMakeTmp

Run Build Command(s):/usr/bin/gmake cmTC_1887f/fast && /usr/bin/gmake  -f CMakeFiles/cmTC_1887f.dir/build.make CMakeFiles/cmTC_1887f.dir/build
gmake[1]: Entering directory `/home/tong/UA_BlackJack_Server/build/CMakeFiles/CMakeTmp'
Building C object CMakeFiles/cmTC_1887f.dir/CheckSymbolExists.c.o
/usr/lib64/ccache/cc -D_GNU_SOURCE -D_POSIX_C_SOURCE=199309L -D_XOPEN_SOURCE=600  -fPIE   -o CMakeFiles/cmTC_1887f.dir/CheckSymbolExists.c.o   -c /home/tong/UA_BlackJack_Server/build/CMakeFiles/CMakeTmp/CheckSymbolExists.c
/home/tong/UA_BlackJack_Server/build/CMakeFiles/CMakeTmp/CheckSymbolExists.c: In function ‘main’:
/home/tong/UA_BlackJack_Server/build/CMakeFiles/CMakeTmp/CheckSymbolExists.c:27:19: error: ‘bitncmp’ undeclared (first use in this function); did you mean ‘bcmp’?
   return ((int*)(&bitncmp))[argc];
                   ^~~~~~~
                   bcmp
/home/tong/UA_BlackJack_Server/build/CMakeFiles/CMakeTmp/CheckSymbolExists.c:27:19: note: each undeclared identifier is reported only once for each function it appears in
gmake[1]: *** [CMakeFiles/cmTC_1887f.dir/CheckSymbolExists.c.o] Error 1
gmake[1]: Leaving directory `/home/tong/UA_BlackJack_Server/build/CMakeFiles/CMakeTmp'
gmake: *** [cmTC_1887f/fast] Error 2


File /home/tong/UA_BlackJack_Server/build/CMakeFiles/CMakeTmp/CheckSymbolExists.c:
/* */
#include <stdbool.h>
#include <sys/types.h>
#include <arpa/inet.h>
#include <arpa/nameser.h>
#include <netdb.h>
#include <net/if.h>
#include <netinet/in.h>
#include <netinet/tcp.h>
#include <signal.h>
#include <stdlib.h>
#include <string.h>
#include <strings.h>
#include <sys/ioctl.h>
#include <sys/select.h>
#include <sys/socket.h>
#include <sys/time.h>
#include <sys/uio.h>
#include <time.h>
#include <fcntl.h>
#include <unistd.h>

int main(int argc, char** argv)
{
  (void)argv;
#ifndef bitncmp
  return ((int*)(&bitncmp))[argc];
#else
  (void)argc;
  return 0;
#endif
}
Determining if the closesocket exist failed with the following output:
Change Dir: /home/tong/UA_BlackJack_Server/build/CMakeFiles/CMakeTmp

Run Build Command(s):/usr/bin/gmake cmTC_e93dd/fast && /usr/bin/gmake  -f CMakeFiles/cmTC_e93dd.dir/build.make CMakeFiles/cmTC_e93dd.dir/build
gmake[1]: Entering directory `/home/tong/UA_BlackJack_Server/build/CMakeFiles/CMakeTmp'
Building C object CMakeFiles/cmTC_e93dd.dir/CheckSymbolExists.c.o
/usr/lib64/ccache/cc -D_GNU_SOURCE -D_POSIX_C_SOURCE=199309L -D_XOPEN_SOURCE=600  -fPIE   -o CMakeFiles/cmTC_e93dd.dir/CheckSymbolExists.c.o   -c /home/tong/UA_BlackJack_Server/build/CMakeFiles/CMakeTmp/CheckSymbolExists.c
/home/tong/UA_BlackJack_Server/build/CMakeFiles/CMakeTmp/CheckSymbolExists.c: In function ‘main’:
/home/tong/UA_BlackJack_Server/build/CMakeFiles/CMakeTmp/CheckSymbolExists.c:27:19: error: ‘closesocket’ undeclared (first use in this function); did you mean ‘socket’?
   return ((int*)(&closesocket))[argc];
                   ^~~~~~~~~~~
                   socket
/home/tong/UA_BlackJack_Server/build/CMakeFiles/CMakeTmp/CheckSymbolExists.c:27:19: note: each undeclared identifier is reported only once for each function it appears in
gmake[1]: *** [CMakeFiles/cmTC_e93dd.dir/CheckSymbolExists.c.o] Error 1
gmake[1]: Leaving directory `/home/tong/UA_BlackJack_Server/build/CMakeFiles/CMakeTmp'
gmake: *** [cmTC_e93dd/fast] Error 2


File /home/tong/UA_BlackJack_Server/build/CMakeFiles/CMakeTmp/CheckSymbolExists.c:
/* */
#include <stdbool.h>
#include <sys/types.h>
#include <arpa/inet.h>
#include <arpa/nameser.h>
#include <netdb.h>
#include <net/if.h>
#include <netinet/in.h>
#include <netinet/tcp.h>
#include <signal.h>
#include <stdlib.h>
#include <string.h>
#include <strings.h>
#include <sys/ioctl.h>
#include <sys/select.h>
#include <sys/socket.h>
#include <sys/time.h>
#include <sys/uio.h>
#include <time.h>
#include <fcntl.h>
#include <unistd.h>

int main(int argc, char** argv)
{
  (void)argv;
#ifndef closesocket
  return ((int*)(&closesocket))[argc];
#else
  (void)argc;
  return 0;
#endif
}
Determining if the CloseSocket exist failed with the following output:
Change Dir: /home/tong/UA_BlackJack_Server/build/CMakeFiles/CMakeTmp

Run Build Command(s):/usr/bin/gmake cmTC_09802/fast && /usr/bin/gmake  -f CMakeFiles/cmTC_09802.dir/build.make CMakeFiles/cmTC_09802.dir/build
gmake[1]: Entering directory `/home/tong/UA_BlackJack_Server/build/CMakeFiles/CMakeTmp'
Building C object CMakeFiles/cmTC_09802.dir/CheckSymbolExists.c.o
/usr/lib64/ccache/cc -D_GNU_SOURCE -D_POSIX_C_SOURCE=199309L -D_XOPEN_SOURCE=600  -fPIE   -o CMakeFiles/cmTC_09802.dir/CheckSymbolExists.c.o   -c /home/tong/UA_BlackJack_Server/build/CMakeFiles/CMakeTmp/CheckSymbolExists.c
/home/tong/UA_BlackJack_Server/build/CMakeFiles/CMakeTmp/CheckSymbolExists.c: In function ‘main’:
/home/tong/UA_BlackJack_Server/build/CMakeFiles/CMakeTmp/CheckSymbolExists.c:27:19: error: ‘CloseSocket’ undeclared (first use in this function); did you mean ‘socket’?
   return ((int*)(&CloseSocket))[argc];
                   ^~~~~~~~~~~
                   socket
/home/tong/UA_BlackJack_Server/build/CMakeFiles/CMakeTmp/CheckSymbolExists.c:27:19: note: each undeclared identifier is reported only once for each function it appears in
gmake[1]: *** [CMakeFiles/cmTC_09802.dir/CheckSymbolExists.c.o] Error 1
gmake[1]: Leaving directory `/home/tong/UA_BlackJack_Server/build/CMakeFiles/CMakeTmp'
gmake: *** [cmTC_09802/fast] Error 2


File /home/tong/UA_BlackJack_Server/build/CMakeFiles/CMakeTmp/CheckSymbolExists.c:
/* */
#include <stdbool.h>
#include <sys/types.h>
#include <arpa/inet.h>
#include <arpa/nameser.h>
#include <netdb.h>
#include <net/if.h>
#include <netinet/in.h>
#include <netinet/tcp.h>
#include <signal.h>
#include <stdlib.h>
#include <string.h>
#include <strings.h>
#include <sys/ioctl.h>
#include <sys/select.h>
#include <sys/socket.h>
#include <sys/time.h>
#include <sys/uio.h>
#include <time.h>
#include <fcntl.h>
#include <unistd.h>

int main(int argc, char** argv)
{
  (void)argv;
#ifndef CloseSocket
  return ((int*)(&CloseSocket))[argc];
#else
  (void)argc;
  return 0;
#endif
}
Determining if the inet_net_pton exist failed with the following output:
Change Dir: /home/tong/UA_BlackJack_Server/build/CMakeFiles/CMakeTmp

Run Build Command(s):/usr/bin/gmake cmTC_67ed0/fast && /usr/bin/gmake  -f CMakeFiles/cmTC_67ed0.dir/build.make CMakeFiles/cmTC_67ed0.dir/build
gmake[1]: Entering directory `/home/tong/UA_BlackJack_Server/build/CMakeFiles/CMakeTmp'
Building C object CMakeFiles/cmTC_67ed0.dir/CheckSymbolExists.c.o
/usr/lib64/ccache/cc -D_GNU_SOURCE -D_POSIX_C_SOURCE=199309L -D_XOPEN_SOURCE=600  -fPIE   -o CMakeFiles/cmTC_67ed0.dir/CheckSymbolExists.c.o   -c /home/tong/UA_BlackJack_Server/build/CMakeFiles/CMakeTmp/CheckSymbolExists.c
Linking C executable cmTC_67ed0
/usr/bin/cmake3 -E cmake_link_script CMakeFiles/cmTC_67ed0.dir/link.txt --verbose=1
/usr/lib64/ccache/cc       -rdynamic CMakeFiles/cmTC_67ed0.dir/CheckSymbolExists.c.o  -o cmTC_67ed0  -lnsl -lrt 
CMakeFiles/cmTC_67ed0.dir/CheckSymbolExists.c.o: In function `main':
CheckSymbolExists.c:(.text+0x1b): undefined reference to `inet_net_pton'
collect2: error: ld returned 1 exit status
gmake[1]: *** [cmTC_67ed0] Error 1
gmake[1]: Leaving directory `/home/tong/UA_BlackJack_Server/build/CMakeFiles/CMakeTmp'
gmake: *** [cmTC_67ed0/fast] Error 2


File /home/tong/UA_BlackJack_Server/build/CMakeFiles/CMakeTmp/CheckSymbolExists.c:
/* */
#include <stdbool.h>
#include <sys/types.h>
#include <arpa/inet.h>
#include <arpa/nameser.h>
#include <netdb.h>
#include <net/if.h>
#include <netinet/in.h>
#include <netinet/tcp.h>
#include <signal.h>
#include <stdlib.h>
#include <string.h>
#include <strings.h>
#include <sys/ioctl.h>
#include <sys/select.h>
#include <sys/socket.h>
#include <sys/time.h>
#include <sys/uio.h>
#include <time.h>
#include <fcntl.h>
#include <unistd.h>

int main(int argc, char** argv)
{
  (void)argv;
#ifndef inet_net_pton
  return ((int*)(&inet_net_pton))[argc];
#else
  (void)argc;
  return 0;
#endif
}
Determining if the ioctlsocket exist failed with the following output:
Change Dir: /home/tong/UA_BlackJack_Server/build/CMakeFiles/CMakeTmp

Run Build Command(s):/usr/bin/gmake cmTC_8a783/fast && /usr/bin/gmake  -f CMakeFiles/cmTC_8a783.dir/build.make CMakeFiles/cmTC_8a783.dir/build
gmake[1]: Entering directory `/home/tong/UA_BlackJack_Server/build/CMakeFiles/CMakeTmp'
Building C object CMakeFiles/cmTC_8a783.dir/CheckSymbolExists.c.o
/usr/lib64/ccache/cc -D_GNU_SOURCE -D_POSIX_C_SOURCE=199309L -D_XOPEN_SOURCE=600  -fPIE   -o CMakeFiles/cmTC_8a783.dir/CheckSymbolExists.c.o   -c /home/tong/UA_BlackJack_Server/build/CMakeFiles/CMakeTmp/CheckSymbolExists.c
/home/tong/UA_BlackJack_Server/build/CMakeFiles/CMakeTmp/CheckSymbolExists.c: In function ‘main’:
/home/tong/UA_BlackJack_Server/build/CMakeFiles/CMakeTmp/CheckSymbolExists.c:27:19: error: ‘ioctlsocket’ undeclared (first use in this function); did you mean ‘socket’?
   return ((int*)(&ioctlsocket))[argc];
                   ^~~~~~~~~~~
                   socket
/home/tong/UA_BlackJack_Server/build/CMakeFiles/CMakeTmp/CheckSymbolExists.c:27:19: note: each undeclared identifier is reported only once for each function it appears in
gmake[1]: *** [CMakeFiles/cmTC_8a783.dir/CheckSymbolExists.c.o] Error 1
gmake[1]: Leaving directory `/home/tong/UA_BlackJack_Server/build/CMakeFiles/CMakeTmp'
gmake: *** [cmTC_8a783/fast] Error 2


File /home/tong/UA_BlackJack_Server/build/CMakeFiles/CMakeTmp/CheckSymbolExists.c:
/* */
#include <stdbool.h>
#include <sys/types.h>
#include <arpa/inet.h>
#include <arpa/nameser.h>
#include <netdb.h>
#include <net/if.h>
#include <netinet/in.h>
#include <netinet/tcp.h>
#include <signal.h>
#include <stdlib.h>
#include <string.h>
#include <strings.h>
#include <sys/ioctl.h>
#include <sys/select.h>
#include <sys/socket.h>
#include <sys/time.h>
#include <sys/uio.h>
#include <time.h>
#include <fcntl.h>
#include <unistd.h>

int main(int argc, char** argv)
{
  (void)argv;
#ifndef ioctlsocket
  return ((int*)(&ioctlsocket))[argc];
#else
  (void)argc;
  return 0;
#endif
}
Determining if the IoctlSocket exist failed with the following output:
Change Dir: /home/tong/UA_BlackJack_Server/build/CMakeFiles/CMakeTmp

Run Build Command(s):/usr/bin/gmake cmTC_c016d/fast && /usr/bin/gmake  -f CMakeFiles/cmTC_c016d.dir/build.make CMakeFiles/cmTC_c016d.dir/build
gmake[1]: Entering directory `/home/tong/UA_BlackJack_Server/build/CMakeFiles/CMakeTmp'
Building C object CMakeFiles/cmTC_c016d.dir/CheckSymbolExists.c.o
/usr/lib64/ccache/cc -D_GNU_SOURCE -D_POSIX_C_SOURCE=199309L -D_XOPEN_SOURCE=600  -fPIE   -o CMakeFiles/cmTC_c016d.dir/CheckSymbolExists.c.o   -c /home/tong/UA_BlackJack_Server/build/CMakeFiles/CMakeTmp/CheckSymbolExists.c
/home/tong/UA_BlackJack_Server/build/CMakeFiles/CMakeTmp/CheckSymbolExists.c: In function ‘main’:
/home/tong/UA_BlackJack_Server/build/CMakeFiles/CMakeTmp/CheckSymbolExists.c:27:19: error: ‘IoctlSocket’ undeclared (first use in this function); did you mean ‘clock_t’?
   return ((int*)(&IoctlSocket))[argc];
                   ^~~~~~~~~~~
                   clock_t
/home/tong/UA_BlackJack_Server/build/CMakeFiles/CMakeTmp/CheckSymbolExists.c:27:19: note: each undeclared identifier is reported only once for each function it appears in
gmake[1]: *** [CMakeFiles/cmTC_c016d.dir/CheckSymbolExists.c.o] Error 1
gmake[1]: Leaving directory `/home/tong/UA_BlackJack_Server/build/CMakeFiles/CMakeTmp'
gmake: *** [cmTC_c016d/fast] Error 2


File /home/tong/UA_BlackJack_Server/build/CMakeFiles/CMakeTmp/CheckSymbolExists.c:
/* */
#include <stdbool.h>
#include <sys/types.h>
#include <arpa/inet.h>
#include <arpa/nameser.h>
#include <netdb.h>
#include <net/if.h>
#include <netinet/in.h>
#include <netinet/tcp.h>
#include <signal.h>
#include <stdlib.h>
#include <string.h>
#include <strings.h>
#include <sys/ioctl.h>
#include <sys/select.h>
#include <sys/socket.h>
#include <sys/time.h>
#include <sys/uio.h>
#include <time.h>
#include <fcntl.h>
#include <unistd.h>

int main(int argc, char** argv)
{
  (void)argv;
#ifndef IoctlSocket
  return ((int*)(&IoctlSocket))[argc];
#else
  (void)argc;
  return 0;
#endif
}
Determining if the strcmpi exist failed with the following output:
Change Dir: /home/tong/UA_BlackJack_Server/build/CMakeFiles/CMakeTmp

Run Build Command(s):/usr/bin/gmake cmTC_26574/fast && /usr/bin/gmake  -f CMakeFiles/cmTC_26574.dir/build.make CMakeFiles/cmTC_26574.dir/build
gmake[1]: Entering directory `/home/tong/UA_BlackJack_Server/build/CMakeFiles/CMakeTmp'
Building C object CMakeFiles/cmTC_26574.dir/CheckSymbolExists.c.o
/usr/lib64/ccache/cc -D_GNU_SOURCE -D_POSIX_C_SOURCE=199309L -D_XOPEN_SOURCE=600  -fPIE   -o CMakeFiles/cmTC_26574.dir/CheckSymbolExists.c.o   -c /home/tong/UA_BlackJack_Server/build/CMakeFiles/CMakeTmp/CheckSymbolExists.c
/home/tong/UA_BlackJack_Server/build/CMakeFiles/CMakeTmp/CheckSymbolExists.c: In function ‘main’:
/home/tong/UA_BlackJack_Server/build/CMakeFiles/CMakeTmp/CheckSymbolExists.c:27:19: error: ‘strcmpi’ undeclared (first use in this function); did you mean ‘strcmp’?
   return ((int*)(&strcmpi))[argc];
                   ^~~~~~~
                   strcmp
/home/tong/UA_BlackJack_Server/build/CMakeFiles/CMakeTmp/CheckSymbolExists.c:27:19: note: each undeclared identifier is reported only once for each function it appears in
gmake[1]: *** [CMakeFiles/cmTC_26574.dir/CheckSymbolExists.c.o] Error 1
gmake[1]: Leaving directory `/home/tong/UA_BlackJack_Server/build/CMakeFiles/CMakeTmp'
gmake: *** [cmTC_26574/fast] Error 2


File /home/tong/UA_BlackJack_Server/build/CMakeFiles/CMakeTmp/CheckSymbolExists.c:
/* */
#include <stdbool.h>
#include <sys/types.h>
#include <arpa/inet.h>
#include <arpa/nameser.h>
#include <netdb.h>
#include <net/if.h>
#include <netinet/in.h>
#include <netinet/tcp.h>
#include <signal.h>
#include <stdlib.h>
#include <string.h>
#include <strings.h>
#include <sys/ioctl.h>
#include <sys/select.h>
#include <sys/socket.h>
#include <sys/time.h>
#include <sys/uio.h>
#include <time.h>
#include <fcntl.h>
#include <unistd.h>

int main(int argc, char** argv)
{
  (void)argv;
#ifndef strcmpi
  return ((int*)(&strcmpi))[argc];
#else
  (void)argc;
  return 0;
#endif
}
Determining if the stricmp exist failed with the following output:
Change Dir: /home/tong/UA_BlackJack_Server/build/CMakeFiles/CMakeTmp

Run Build Command(s):/usr/bin/gmake cmTC_3806a/fast && /usr/bin/gmake  -f CMakeFiles/cmTC_3806a.dir/build.make CMakeFiles/cmTC_3806a.dir/build
gmake[1]: Entering directory `/home/tong/UA_BlackJack_Server/build/CMakeFiles/CMakeTmp'
Building C object CMakeFiles/cmTC_3806a.dir/CheckSymbolExists.c.o
/usr/lib64/ccache/cc -D_GNU_SOURCE -D_POSIX_C_SOURCE=199309L -D_XOPEN_SOURCE=600  -fPIE   -o CMakeFiles/cmTC_3806a.dir/CheckSymbolExists.c.o   -c /home/tong/UA_BlackJack_Server/build/CMakeFiles/CMakeTmp/CheckSymbolExists.c
/home/tong/UA_BlackJack_Server/build/CMakeFiles/CMakeTmp/CheckSymbolExists.c: In function ‘main’:
/home/tong/UA_BlackJack_Server/build/CMakeFiles/CMakeTmp/CheckSymbolExists.c:27:19: error: ‘stricmp’ undeclared (first use in this function); did you mean ‘strncmp’?
   return ((int*)(&stricmp))[argc];
                   ^~~~~~~
                   strncmp
/home/tong/UA_BlackJack_Server/build/CMakeFiles/CMakeTmp/CheckSymbolExists.c:27:19: note: each undeclared identifier is reported only once for each function it appears in
gmake[1]: *** [CMakeFiles/cmTC_3806a.dir/CheckSymbolExists.c.o] Error 1
gmake[1]: Leaving directory `/home/tong/UA_BlackJack_Server/build/CMakeFiles/CMakeTmp'
gmake: *** [cmTC_3806a/fast] Error 2


File /home/tong/UA_BlackJack_Server/build/CMakeFiles/CMakeTmp/CheckSymbolExists.c:
/* */
#include <stdbool.h>
#include <sys/types.h>
#include <arpa/inet.h>
#include <arpa/nameser.h>
#include <netdb.h>
#include <net/if.h>
#include <netinet/in.h>
#include <netinet/tcp.h>
#include <signal.h>
#include <stdlib.h>
#include <string.h>
#include <strings.h>
#include <sys/ioctl.h>
#include <sys/select.h>
#include <sys/socket.h>
#include <sys/time.h>
#include <sys/uio.h>
#include <time.h>
#include <fcntl.h>
#include <unistd.h>

int main(int argc, char** argv)
{
  (void)argv;
#ifndef stricmp
  return ((int*)(&stricmp))[argc];
#else
  (void)argc;
  return 0;
#endif
}
Determining if the strncmpi exist failed with the following output:
Change Dir: /home/tong/UA_BlackJack_Server/build/CMakeFiles/CMakeTmp

Run Build Command(s):/usr/bin/gmake cmTC_c71f7/fast && /usr/bin/gmake  -f CMakeFiles/cmTC_c71f7.dir/build.make CMakeFiles/cmTC_c71f7.dir/build
gmake[1]: Entering directory `/home/tong/UA_BlackJack_Server/build/CMakeFiles/CMakeTmp'
Building C object CMakeFiles/cmTC_c71f7.dir/CheckSymbolExists.c.o
/usr/lib64/ccache/cc -D_GNU_SOURCE -D_POSIX_C_SOURCE=199309L -D_XOPEN_SOURCE=600  -fPIE   -o CMakeFiles/cmTC_c71f7.dir/CheckSymbolExists.c.o   -c /home/tong/UA_BlackJack_Server/build/CMakeFiles/CMakeTmp/CheckSymbolExists.c
/home/tong/UA_BlackJack_Server/build/CMakeFiles/CMakeTmp/CheckSymbolExists.c: In function ‘main’:
/home/tong/UA_BlackJack_Server/build/CMakeFiles/CMakeTmp/CheckSymbolExists.c:27:19: error: ‘strncmpi’ undeclared (first use in this function); did you mean ‘strncmp’?
   return ((int*)(&strncmpi))[argc];
                   ^~~~~~~~
                   strncmp
/home/tong/UA_BlackJack_Server/build/CMakeFiles/CMakeTmp/CheckSymbolExists.c:27:19: note: each undeclared identifier is reported only once for each function it appears in
gmake[1]: *** [CMakeFiles/cmTC_c71f7.dir/CheckSymbolExists.c.o] Error 1
gmake[1]: Leaving directory `/home/tong/UA_BlackJack_Server/build/CMakeFiles/CMakeTmp'
gmake: *** [cmTC_c71f7/fast] Error 2


File /home/tong/UA_BlackJack_Server/build/CMakeFiles/CMakeTmp/CheckSymbolExists.c:
/* */
#include <stdbool.h>
#include <sys/types.h>
#include <arpa/inet.h>
#include <arpa/nameser.h>
#include <netdb.h>
#include <net/if.h>
#include <netinet/in.h>
#include <netinet/tcp.h>
#include <signal.h>
#include <stdlib.h>
#include <string.h>
#include <strings.h>
#include <sys/ioctl.h>
#include <sys/select.h>
#include <sys/socket.h>
#include <sys/time.h>
#include <sys/uio.h>
#include <time.h>
#include <fcntl.h>
#include <unistd.h>

int main(int argc, char** argv)
{
  (void)argv;
#ifndef strncmpi
  return ((int*)(&strncmpi))[argc];
#else
  (void)argc;
  return 0;
#endif
}
Determining if the strnicmp exist failed with the following output:
Change Dir: /home/tong/UA_BlackJack_Server/build/CMakeFiles/CMakeTmp

Run Build Command(s):/usr/bin/gmake cmTC_ae607/fast && /usr/bin/gmake  -f CMakeFiles/cmTC_ae607.dir/build.make CMakeFiles/cmTC_ae607.dir/build
gmake[1]: Entering directory `/home/tong/UA_BlackJack_Server/build/CMakeFiles/CMakeTmp'
Building C object CMakeFiles/cmTC_ae607.dir/CheckSymbolExists.c.o
/usr/lib64/ccache/cc -D_GNU_SOURCE -D_POSIX_C_SOURCE=199309L -D_XOPEN_SOURCE=600  -fPIE   -o CMakeFiles/cmTC_ae607.dir/CheckSymbolExists.c.o   -c /home/tong/UA_BlackJack_Server/build/CMakeFiles/CMakeTmp/CheckSymbolExists.c
/home/tong/UA_BlackJack_Server/build/CMakeFiles/CMakeTmp/CheckSymbolExists.c: In function ‘main’:
/home/tong/UA_BlackJack_Server/build/CMakeFiles/CMakeTmp/CheckSymbolExists.c:27:19: error: ‘strnicmp’ undeclared (first use in this function); did you mean ‘strncmp’?
   return ((int*)(&strnicmp))[argc];
                   ^~~~~~~~
                   strncmp
/home/tong/UA_BlackJack_Server/build/CMakeFiles/CMakeTmp/CheckSymbolExists.c:27:19: note: each undeclared identifier is reported only once for each function it appears in
gmake[1]: *** [CMakeFiles/cmTC_ae607.dir/CheckSymbolExists.c.o] Error 1
gmake[1]: Leaving directory `/home/tong/UA_BlackJack_Server/build/CMakeFiles/CMakeTmp'
gmake: *** [cmTC_ae607/fast] Error 2


File /home/tong/UA_BlackJack_Server/build/CMakeFiles/CMakeTmp/CheckSymbolExists.c:
/* */
#include <stdbool.h>
#include <sys/types.h>
#include <arpa/inet.h>
#include <arpa/nameser.h>
#include <netdb.h>
#include <net/if.h>
#include <netinet/in.h>
#include <netinet/tcp.h>
#include <signal.h>
#include <stdlib.h>
#include <string.h>
#include <strings.h>
#include <sys/ioctl.h>
#include <sys/select.h>
#include <sys/socket.h>
#include <sys/time.h>
#include <sys/uio.h>
#include <time.h>
#include <fcntl.h>
#include <unistd.h>

int main(int argc, char** argv)
{
  (void)argv;
#ifndef strnicmp
  return ((int*)(&strnicmp))[argc];
#else
  (void)argc;
  return 0;
#endif
}
Determining if the function __system_property_get exists failed with the following output:
Change Dir: /home/tong/UA_BlackJack_Server/build/CMakeFiles/CMakeTmp

Run Build Command(s):/usr/bin/gmake cmTC_50f57/fast && /usr/bin/gmake  -f CMakeFiles/cmTC_50f57.dir/build.make CMakeFiles/cmTC_50f57.dir/build
gmake[1]: Entering directory `/home/tong/UA_BlackJack_Server/build/CMakeFiles/CMakeTmp'
Building C object CMakeFiles/cmTC_50f57.dir/CheckFunctionExists.c.o
/usr/lib64/ccache/cc -D_GNU_SOURCE -D_POSIX_C_SOURCE=199309L -D_XOPEN_SOURCE=600  -DCHECK_FUNCTION_EXISTS=__system_property_get -fPIE   -o CMakeFiles/cmTC_50f57.dir/CheckFunctionExists.c.o   -c /usr/share/cmake3/Modules/CheckFunctionExists.c
Linking C executable cmTC_50f57
/usr/bin/cmake3 -E cmake_link_script CMakeFiles/cmTC_50f57.dir/link.txt --verbose=1
/usr/lib64/ccache/cc   -DCHECK_FUNCTION_EXISTS=__system_property_get    -rdynamic CMakeFiles/cmTC_50f57.dir/CheckFunctionExists.c.o  -o cmTC_50f57  -lnsl -lrt 
CMakeFiles/cmTC_50f57.dir/CheckFunctionExists.c.o: In function `main':
CheckFunctionExists.c:(.text+0x10): undefined reference to `__system_property_get'
collect2: error: ld returned 1 exit status
gmake[1]: *** [cmTC_50f57] Error 1
gmake[1]: Leaving directory `/home/tong/UA_BlackJack_Server/build/CMakeFiles/CMakeTmp'
gmake: *** [cmTC_50f57/fast] Error 2



